Copyright 1986-2020 Xilinx, Inc. All Rights Reserved.
--------------------------------------------------------------------------------------------------------------------------------------------------------------------------
| Tool Version : Vivado v.2020.1.1 (win64) Build 2960000 Wed Aug  5 22:57:20 MDT 2020
| Date         : Wed Oct 21 14:03:42 2020
| Host         : DESKTOP-7MFM3D9 running 64-bit major release  (build 9200)
| Command      : report_methodology -file sseg4_manual_methodology_drc_routed.rpt -pb sseg4_manual_methodology_drc_routed.pb -rpx sseg4_manual_methodology_drc_routed.rpx
| Design       : sseg4_manual
| Device       : xc7a35tcpg236-1
| Speed File   : -1
| Design State : Fully Routed
--------------------------------------------------------------------------------------------------------------------------------------------------------------------------

Report Methodology

Table of Contents
-----------------
1. REPORT SUMMARY
2. REPORT DETAILS

1. REPORT SUMMARY
-----------------
            Netlist: netlist
          Floorplan: design_1
      Design limits: <entire design considered>
             Max violations: <unlimited>
             Violations found: 0
+------+----------+-------------+------------+
| Rule | Severity | Description | Violations |
+------+----------+-------------+------------+
+------+----------+-------------+------------+

2. REPORT DETAILS
-----------------

