
*** Running vivado
    with args -log sseg4_manual.vds -m64 -product Vivado -mode batch -messageDb vivado.pb -notrace -source sseg4_manual.tcl



****** Vivado v2020.1.1 (64-bit)
  **** SW Build 2960000 on Wed Aug  5 22:57:20 MDT 2020
  **** IP Build 2956692 on Thu Aug  6 01:41:30 MDT 2020
    ** Copyright 1986-2020 Xilinx, Inc. All Rights Reserved.

source sseg4_manual.tcl -notrace
Command: synth_design -top sseg4_manual -part xc7a35tcpg236-1
Starting synth_design
Attempting to get a license for feature 'Synthesis' and/or device 'xc7a35t'
INFO: [Common 17-349] Got license for feature 'Synthesis' and/or device 'xc7a35t'
INFO: [Device 21-403] Loading part xc7a35tcpg236-1
INFO: [Synth 8-7079] Multithreading enabled for synth_design using a maximum of 2 processes.
INFO: [Synth 8-7078] Launching helper process for spawning children vivado processes
INFO: [Synth 8-7075] Helper process launched with PID 23908
WARNING: [Synth 8-2611] redeclaration of ansi port num is not allowed [C:/Users/aajos/Documents/GitHub/Lab07/add3.sv:28]
WARNING: [Synth 8-2611] redeclaration of ansi port modnum is not allowed [C:/Users/aajos/Documents/GitHub/Lab07/add3.sv:28]
---------------------------------------------------------------------------------
Starting RTL Elaboration : Time (s): cpu = 00:00:06 ; elapsed = 00:00:07 . Memory (MB): peak = 1018.262 ; gain = 0.000
---------------------------------------------------------------------------------
INFO: [Synth 8-6157] synthesizing module 'sseg4_manual' [C:/Users/aajos/Documents/GitHub/Lab08/systemverilogcode/sseg4_manual.sv:23]
INFO: [Synth 8-6157] synthesizing module 'sseg4' [C:/Users/aajos/Documents/GitHub/Lab08/systemverilogcode/sseg4.sv:23]
	Parameter BITS bound to: 16 - type: integer 
	Parameter BITS1 bound to: 4 - type: integer 
	Parameter BITS2 bound to: 7 - type: integer 
INFO: [Synth 8-6157] synthesizing module 'BCD11b' [C:/Users/aajos/Documents/GitHub/Lab08/systemverilogcode/BCD11b.sv:23]
INFO: [Synth 8-6157] synthesizing module 'add3' [C:/Users/aajos/Documents/GitHub/Lab07/add3.sv:23]
INFO: [Synth 8-6155] done synthesizing module 'add3' (1#1) [C:/Users/aajos/Documents/GitHub/Lab07/add3.sv:23]
INFO: [Synth 8-6155] done synthesizing module 'BCD11b' (2#1) [C:/Users/aajos/Documents/GitHub/Lab08/systemverilogcode/BCD11b.sv:23]
INFO: [Synth 8-6157] synthesizing module 'mux2' [C:/Users/aajos/Documents/GitHub/Lab08/systemverilogcode/mux2.sv:23]
	Parameter BITS bound to: 16 - type: integer 
INFO: [Synth 8-6155] done synthesizing module 'mux2' (3#1) [C:/Users/aajos/Documents/GitHub/Lab08/systemverilogcode/mux2.sv:23]
INFO: [Synth 8-6157] synthesizing module 'mux4' [C:/Users/aajos/Documents/GitHub/Lab08/systemverilogcode/mux4.sv:23]
	Parameter BITS bound to: 4 - type: integer 
INFO: [Synth 8-6155] done synthesizing module 'mux4' (4#1) [C:/Users/aajos/Documents/GitHub/Lab08/systemverilogcode/mux4.sv:23]
INFO: [Synth 8-6157] synthesizing module 'sseg_decoder' [C:/Users/aajos/Documents/GitHub/Lab06/sseg_decoder.sv:23]
INFO: [Synth 8-6155] done synthesizing module 'sseg_decoder' (5#1) [C:/Users/aajos/Documents/GitHub/Lab06/sseg_decoder.sv:23]
INFO: [Synth 8-6157] synthesizing module 'an_decoder' [C:/Users/aajos/Documents/GitHub/Lab08/systemverilogcode/an_decoder.sv:23]
INFO: [Synth 8-6155] done synthesizing module 'an_decoder' (6#1) [C:/Users/aajos/Documents/GitHub/Lab08/systemverilogcode/an_decoder.sv:23]
INFO: [Synth 8-6157] synthesizing module 'mux2__parameterized0' [C:/Users/aajos/Documents/GitHub/Lab08/systemverilogcode/mux2.sv:23]
	Parameter BITS bound to: 7 - type: integer 
INFO: [Synth 8-6155] done synthesizing module 'mux2__parameterized0' (6#1) [C:/Users/aajos/Documents/GitHub/Lab08/systemverilogcode/mux2.sv:23]
INFO: [Synth 8-6155] done synthesizing module 'sseg4' (7#1) [C:/Users/aajos/Documents/GitHub/Lab08/systemverilogcode/sseg4.sv:23]
INFO: [Synth 8-6155] done synthesizing module 'sseg4_manual' (8#1) [C:/Users/aajos/Documents/GitHub/Lab08/systemverilogcode/sseg4_manual.sv:23]
---------------------------------------------------------------------------------
Finished RTL Elaboration : Time (s): cpu = 00:00:08 ; elapsed = 00:00:09 . Memory (MB): peak = 1018.262 ; gain = 0.000
---------------------------------------------------------------------------------
---------------------------------------------------------------------------------
Start Handling Custom Attributes
---------------------------------------------------------------------------------
---------------------------------------------------------------------------------
Finished Handling Custom Attributes : Time (s): cpu = 00:00:09 ; elapsed = 00:00:10 . Memory (MB): peak = 1018.262 ; gain = 0.000
---------------------------------------------------------------------------------
---------------------------------------------------------------------------------
Finished RTL Optimization Phase 1 : Time (s): cpu = 00:00:09 ; elapsed = 00:00:10 . Memory (MB): peak = 1018.262 ; gain = 0.000
---------------------------------------------------------------------------------
Netlist sorting complete. Time (s): cpu = 00:00:00 ; elapsed = 00:00:00.003 . Memory (MB): peak = 1018.262 ; gain = 0.000
INFO: [Project 1-570] Preparing netlist for logic optimization

Processing XDC Constraints
Initializing timing engine
Parsing XDC File [C:/Users/aajos/Documents/GitHub/Lab08/Basys3.xdc]
WARNING: [Vivado 12-584] No ports matched 'clk'. [C:/Users/aajos/Documents/GitHub/Lab08/Basys3.xdc:7]
CRITICAL WARNING: [Common 17-55] 'set_property' expects at least one object. [C:/Users/aajos/Documents/GitHub/Lab08/Basys3.xdc:7]
Resolution: If [get_<value>] was used to populate the object, check to make sure this command returns at least one valid object.
WARNING: [Vivado 12-584] No ports matched 'clk'. [C:/Users/aajos/Documents/GitHub/Lab08/Basys3.xdc:8]
CRITICAL WARNING: [Common 17-55] 'set_property' expects at least one object. [C:/Users/aajos/Documents/GitHub/Lab08/Basys3.xdc:8]
Resolution: If [get_<value>] was used to populate the object, check to make sure this command returns at least one valid object.
WARNING: [Vivado 12-584] No ports matched 'clk'. [C:/Users/aajos/Documents/GitHub/Lab08/Basys3.xdc:9]
CRITICAL WARNING: [Vivado 12-4739] create_clock:No valid object(s) found for '-objects [get_ports clk]'. [C:/Users/aajos/Documents/GitHub/Lab08/Basys3.xdc:9]
Resolution: Check if the specified object(s) exists in the current design. If it does, ensure that the correct design hierarchy was specified for the object. If you are working with clocks, make sure create_clock was used to create the clock object before it is referenced.
Finished Parsing XDC File [C:/Users/aajos/Documents/GitHub/Lab08/Basys3.xdc]
INFO: [Project 1-236] Implementation specific constraints were found while reading constraint file [C:/Users/aajos/Documents/GitHub/Lab08/Basys3.xdc]. These constraints will be ignored for synthesis but will be used in implementation. Impacted constraints are listed in the file [.Xil/sseg4_manual_propImpl.xdc].
Resolution: To avoid this warning, move constraints listed in [.Xil/sseg4_manual_propImpl.xdc] to another XDC file and exclude this new file from synthesis with the used_in_synthesis property (File Properties dialog in GUI) and re-run elaboration/synthesis.
Completed Processing XDC Constraints

Netlist sorting complete. Time (s): cpu = 00:00:00 ; elapsed = 00:00:00.001 . Memory (MB): peak = 1018.262 ; gain = 0.000
INFO: [Project 1-111] Unisim Transformation Summary:
No Unisim elements were transformed.

Constraint Validation Runtime : Time (s): cpu = 00:00:00 ; elapsed = 00:00:00.017 . Memory (MB): peak = 1018.262 ; gain = 0.000
---------------------------------------------------------------------------------
Finished Constraint Validation : Time (s): cpu = 00:00:18 ; elapsed = 00:00:20 . Memory (MB): peak = 1018.262 ; gain = 0.000
---------------------------------------------------------------------------------
---------------------------------------------------------------------------------
Start Loading Part and Timing Information
---------------------------------------------------------------------------------
Loading part: xc7a35tcpg236-1
---------------------------------------------------------------------------------
Finished Loading Part and Timing Information : Time (s): cpu = 00:00:18 ; elapsed = 00:00:20 . Memory (MB): peak = 1018.262 ; gain = 0.000
---------------------------------------------------------------------------------
---------------------------------------------------------------------------------
Start Applying 'set_property' XDC Constraints
---------------------------------------------------------------------------------
---------------------------------------------------------------------------------
Finished applying 'set_property' XDC Constraints : Time (s): cpu = 00:00:18 ; elapsed = 00:00:20 . Memory (MB): peak = 1018.262 ; gain = 0.000
---------------------------------------------------------------------------------
---------------------------------------------------------------------------------
Finished RTL Optimization Phase 2 : Time (s): cpu = 00:00:18 ; elapsed = 00:00:20 . Memory (MB): peak = 1018.262 ; gain = 0.000
---------------------------------------------------------------------------------
---------------------------------------------------------------------------------
Start RTL Component Statistics 
---------------------------------------------------------------------------------
Detailed RTL Component Info : 
+---Adders : 
	   2 Input    4 Bit       Adders := 15    
+---Muxes : 
	   2 Input   16 Bit        Muxes := 1     
	   2 Input    7 Bit        Muxes := 1     
	   2 Input    4 Bit        Muxes := 15    
	   4 Input    4 Bit        Muxes := 2     
---------------------------------------------------------------------------------
Finished RTL Component Statistics 
---------------------------------------------------------------------------------
---------------------------------------------------------------------------------
Start Part Resource Summary
---------------------------------------------------------------------------------
Part Resources:
DSPs: 90 (col length:60)
BRAMs: 100 (col length: RAMB18 60 RAMB36 30)
---------------------------------------------------------------------------------
Finished Part Resource Summary
---------------------------------------------------------------------------------
---------------------------------------------------------------------------------
Start Cross Boundary and Area Optimization
---------------------------------------------------------------------------------
---------------------------------------------------------------------------------
Finished Cross Boundary and Area Optimization : Time (s): cpu = 00:00:25 ; elapsed = 00:00:27 . Memory (MB): peak = 1018.262 ; gain = 0.000
---------------------------------------------------------------------------------
---------------------------------------------------------------------------------
Start Applying XDC Timing Constraints
---------------------------------------------------------------------------------
---------------------------------------------------------------------------------
Finished Applying XDC Timing Constraints : Time (s): cpu = 00:00:36 ; elapsed = 00:00:38 . Memory (MB): peak = 1018.262 ; gain = 0.000
---------------------------------------------------------------------------------
---------------------------------------------------------------------------------
Start Timing Optimization
---------------------------------------------------------------------------------
---------------------------------------------------------------------------------
Finished Timing Optimization : Time (s): cpu = 00:00:36 ; elapsed = 00:00:38 . Memory (MB): peak = 1018.262 ; gain = 0.000
---------------------------------------------------------------------------------
---------------------------------------------------------------------------------
Start Technology Mapping
---------------------------------------------------------------------------------
---------------------------------------------------------------------------------
Finished Technology Mapping : Time (s): cpu = 00:00:36 ; elapsed = 00:00:38 . Memory (MB): peak = 1018.262 ; gain = 0.000
---------------------------------------------------------------------------------
---------------------------------------------------------------------------------
Start IO Insertion
---------------------------------------------------------------------------------
---------------------------------------------------------------------------------
Start Flattening Before IO Insertion
---------------------------------------------------------------------------------
---------------------------------------------------------------------------------
Finished Flattening Before IO Insertion
---------------------------------------------------------------------------------
---------------------------------------------------------------------------------
Start Final Netlist Cleanup
---------------------------------------------------------------------------------
---------------------------------------------------------------------------------
Finished Final Netlist Cleanup
---------------------------------------------------------------------------------
---------------------------------------------------------------------------------
Finished IO Insertion : Time (s): cpu = 00:00:43 ; elapsed = 00:00:45 . Memory (MB): peak = 1018.262 ; gain = 0.000
---------------------------------------------------------------------------------
---------------------------------------------------------------------------------
Start Renaming Generated Instances
---------------------------------------------------------------------------------
---------------------------------------------------------------------------------
Finished Renaming Generated Instances : Time (s): cpu = 00:00:43 ; elapsed = 00:00:45 . Memory (MB): peak = 1018.262 ; gain = 0.000
---------------------------------------------------------------------------------
---------------------------------------------------------------------------------
Start Rebuilding User Hierarchy
---------------------------------------------------------------------------------
---------------------------------------------------------------------------------
Finished Rebuilding User Hierarchy : Time (s): cpu = 00:00:43 ; elapsed = 00:00:45 . Memory (MB): peak = 1018.262 ; gain = 0.000
---------------------------------------------------------------------------------
---------------------------------------------------------------------------------
Start Renaming Generated Ports
---------------------------------------------------------------------------------
---------------------------------------------------------------------------------
Finished Renaming Generated Ports : Time (s): cpu = 00:00:43 ; elapsed = 00:00:45 . Memory (MB): peak = 1018.262 ; gain = 0.000
---------------------------------------------------------------------------------
---------------------------------------------------------------------------------
Start Handling Custom Attributes
---------------------------------------------------------------------------------
---------------------------------------------------------------------------------
Finished Handling Custom Attributes : Time (s): cpu = 00:00:43 ; elapsed = 00:00:45 . Memory (MB): peak = 1018.262 ; gain = 0.000
---------------------------------------------------------------------------------
---------------------------------------------------------------------------------
Start Renaming Generated Nets
---------------------------------------------------------------------------------
---------------------------------------------------------------------------------
Finished Renaming Generated Nets : Time (s): cpu = 00:00:43 ; elapsed = 00:00:45 . Memory (MB): peak = 1018.262 ; gain = 0.000
---------------------------------------------------------------------------------
---------------------------------------------------------------------------------
Start Writing Synthesis Report
---------------------------------------------------------------------------------

Report BlackBoxes: 
+-+--------------+----------+
| |BlackBox name |Instances |
+-+--------------+----------+
+-+--------------+----------+

Report Cell Usage: 
+------+-----+------+
|      |Cell |Count |
+------+-----+------+
|1     |LUT2 |     4|
|2     |LUT3 |     3|
|3     |LUT4 |     3|
|4     |LUT5 |    17|
|5     |LUT6 |    26|
|6     |IBUF |    16|
|7     |OBUF |    12|
+------+-----+------+
---------------------------------------------------------------------------------
Finished Writing Synthesis Report : Time (s): cpu = 00:00:43 ; elapsed = 00:00:45 . Memory (MB): peak = 1018.262 ; gain = 0.000
---------------------------------------------------------------------------------
Synthesis finished with 0 errors, 0 critical warnings and 0 warnings.
Synthesis Optimization Runtime : Time (s): cpu = 00:00:31 ; elapsed = 00:00:42 . Memory (MB): peak = 1018.262 ; gain = 0.000
Synthesis Optimization Complete : Time (s): cpu = 00:00:43 ; elapsed = 00:00:45 . Memory (MB): peak = 1018.262 ; gain = 0.000
INFO: [Project 1-571] Translating synthesized netlist
Netlist sorting complete. Time (s): cpu = 00:00:00 ; elapsed = 00:00:00.001 . Memory (MB): peak = 1018.262 ; gain = 0.000
INFO: [Project 1-570] Preparing netlist for logic optimization
INFO: [Opt 31-138] Pushed 0 inverter(s) to 0 load pin(s).
Netlist sorting complete. Time (s): cpu = 00:00:00 ; elapsed = 00:00:00 . Memory (MB): peak = 1018.262 ; gain = 0.000
INFO: [Project 1-111] Unisim Transformation Summary:
No Unisim elements were transformed.

INFO: [Common 17-83] Releasing license: Synthesis
31 Infos, 5 Warnings, 3 Critical Warnings and 0 Errors encountered.
synth_design completed successfully
synth_design: Time (s): cpu = 00:00:52 ; elapsed = 00:00:57 . Memory (MB): peak = 1018.262 ; gain = 0.000
INFO: [Common 17-1381] The checkpoint 'C:/Users/aajos/Documents/GitHub/Lab08/Lab08/Lab08.runs/synth_1/sseg4_manual.dcp' has been generated.
INFO: [runtcl-4] Executing : report_utilization -file sseg4_manual_utilization_synth.rpt -pb sseg4_manual_utilization_synth.pb
INFO: [Common 17-206] Exiting Vivado at Wed Oct 21 14:02:04 2020...
