#-----------------------------------------------------------
# Vivado v2020.1.1 (64-bit)
# SW Build 2960000 on Wed Aug  5 22:57:20 MDT 2020
# IP Build 2956692 on Thu Aug  6 01:41:30 MDT 2020
# Start of session at: Thu Oct 15 14:35:57 2020
# Process ID: 13056
# Current directory: C:/Users/aajos/Documents/GitHub/Lab08/Lab08
# Command line: vivado.exe -gui_launcher_event rodinguilauncherevent2036 C:\Users\aajos\Documents\GitHub\Lab08\Lab08\Lab08.xpr
# Log file: C:/Users/aajos/Documents/GitHub/Lab08/Lab08/vivado.log
# Journal file: C:/Users/aajos/Documents/GitHub/Lab08/Lab08\vivado.jou
#-----------------------------------------------------------
start_gui
open_project C:/Users/aajos/Documents/GitHub/Lab08/Lab08/Lab08.xpr
INFO: [Project 1-313] Project file moved from 'C:/Users/abby_joseph1/Documents/GitHub/Lab08/Lab08' since last save.
Scanning sources...
Finished scanning sources
WARNING: [filemgmt 56-2] Default IP Output Path : Could not find the directory 'C:/Users/aajos/Documents/GitHub/Lab08/Lab08/Lab08.srcs/sources_1', nor could it be found using path 'C:/Users/abby_joseph1/Documents/GitHub/Lab08/Lab08/Lab08.srcs/sources_1'.
INFO: [IP_Flow 19-234] Refreshing IP repositories
INFO: [IP_Flow 19-1704] No user IP repositories specified
INFO: [IP_Flow 19-2313] Loaded Vivado IP repository 'C:/Xilinx/Vivado/2020.1/data/ip'.
open_project: Time (s): cpu = 00:00:29 ; elapsed = 00:00:16 . Memory (MB): peak = 1015.984 ; gain = 0.000
update_compile_order -fileset sources_1
launch_runs impl_1 -to_step write_bitstream -jobs 4
[Thu Oct 15 14:37:14 2020] Launched synth_1...
Run output will be captured here: C:/Users/aajos/Documents/GitHub/Lab08/Lab08/Lab08.runs/synth_1/runme.log
[Thu Oct 15 14:37:14 2020] Launched impl_1...
Run output will be captured here: C:/Users/aajos/Documents/GitHub/Lab08/Lab08/Lab08.runs/impl_1/runme.log
exit
INFO: [Common 17-206] Exiting Vivado at Thu Oct 15 14:52:39 2020...
